<?xml version="1.0" encoding="UTF-8"?>
<!-- Generated by org.testng.reporters.JUnitXMLReporter -->
<testsuite ignored="0" hostname="VLN-01-L-198" failures="0" tests="3" name="Default test" time="86.409" errors="0" timestamp="2026-06-01T18:07:06 IST">
  <testcase classname="com.valuenable.test.ULAutomation" name="GoToAllPolicy" time="14.092"/>
  <testcase classname="com.valuenable.test.ULAutomation" name="GoToAllPolicy" time="30.002"/>
  <testcase classname="com.valuenable.test.ULAutomation" name="GoToAllPolicy" time="12.689"/>
</testsuite> <!-- Default test -->
