<?xml version="1.0" encoding="UTF-8"?>
<testng-results ignored="0" total="3" passed="3" failed="0" skipped="0">
  <reporter-output>
  </reporter-output>
  <suite started-at="2026-06-01T18:05:39 IST" name="Default suite" finished-at="2026-06-01T18:07:06 IST" duration-ms="86409">
    <groups>
    </groups>
    <test started-at="2026-06-01T18:05:39 IST" name="Default test" finished-at="2026-06-01T18:07:06 IST" duration-ms="86409">
      <class name="com.valuenable.test.ULAutomation">
        <test-method is-config="true" signature="setUp()[pri:0, instance:com.valuenable.test.ULAutomation@5e0e82ae]" started-at="2026-06-01T18:05:42 IST" name="setUp" finished-at="2026-06-01T18:05:49 IST" duration-ms="6854" status="PASS">
          <reporter-output>
          </reporter-output>
        </test-method> <!-- setUp -->
        <test-method is-config="true" signature="LoginIntoApplication()[pri:0, instance:com.valuenable.test.ULAutomation@5e0e82ae]" started-at="2026-06-01T18:05:49 IST" name="LoginIntoApplication" finished-at="2026-06-01T18:05:51 IST" duration-ms="1803" status="PASS">
          <reporter-output>
          </reporter-output>
        </test-method> <!-- LoginIntoApplication -->
        <test-method signature="GoToAllPolicy(com.valuenable.pojo.PolicyPerformanceData)[pri:0, instance:com.valuenable.test.ULAutomation@5e0e82ae]" started-at="2026-06-01T18:05:51 IST" name="GoToAllPolicy" data-provider="policyData" finished-at="2026-06-01T18:06:05 IST" duration-ms="14092" status="PASS">
          <params>
            <param index="0">
              <value>
                <![CDATA[com.valuenable.pojo.PolicyPerformanceData@26f7cdf8]]>
              </value>
            </param>
          </params>
          <reporter-output>
          </reporter-output>
        </test-method> <!-- GoToAllPolicy -->
        <test-method is-config="true" signature="saveResults()[pri:0, instance:com.valuenable.test.ULAutomation@5e0e82ae]" started-at="2026-06-01T18:06:05 IST" name="saveResults" finished-at="2026-06-01T18:06:05 IST" duration-ms="4" status="PASS">
          <reporter-output>
          </reporter-output>
        </test-method> <!-- saveResults -->
        <test-method is-config="true" signature="quite()[pri:0, instance:com.valuenable.test.ULAutomation@5e0e82ae]" started-at="2026-06-01T18:06:05 IST" name="quite" finished-at="2026-06-01T18:06:05 IST" duration-ms="768" status="PASS">
          <reporter-output>
          </reporter-output>
        </test-method> <!-- quite -->
        <test-method is-config="true" signature="setUp()[pri:0, instance:com.valuenable.test.ULAutomation@5e0e82ae]" started-at="2026-06-01T18:06:05 IST" name="setUp" finished-at="2026-06-01T18:06:07 IST" duration-ms="1656" status="PASS">
          <reporter-output>
          </reporter-output>
        </test-method> <!-- setUp -->
        <test-method is-config="true" signature="LoginIntoApplication()[pri:0, instance:com.valuenable.test.ULAutomation@5e0e82ae]" started-at="2026-06-01T18:06:07 IST" name="LoginIntoApplication" finished-at="2026-06-01T18:06:13 IST" duration-ms="5730" status="PASS">
          <reporter-output>
          </reporter-output>
        </test-method> <!-- LoginIntoApplication -->
        <test-method signature="GoToAllPolicy(com.valuenable.pojo.PolicyPerformanceData)[pri:0, instance:com.valuenable.test.ULAutomation@5e0e82ae]" started-at="2026-06-01T18:06:13 IST" name="GoToAllPolicy" data-provider="policyData" finished-at="2026-06-01T18:06:43 IST" duration-ms="30002" status="PASS">
          <params>
            <param index="0">
              <value>
                <![CDATA[com.valuenable.pojo.PolicyPerformanceData@4693a9ef]]>
              </value>
            </param>
          </params>
          <reporter-output>
          </reporter-output>
        </test-method> <!-- GoToAllPolicy -->
        <test-method is-config="true" signature="saveResults()[pri:0, instance:com.valuenable.test.ULAutomation@5e0e82ae]" started-at="2026-06-01T18:06:43 IST" name="saveResults" finished-at="2026-06-01T18:06:43 IST" duration-ms="0" status="PASS">
          <reporter-output>
          </reporter-output>
        </test-method> <!-- saveResults -->
        <test-method is-config="true" signature="quite()[pri:0, instance:com.valuenable.test.ULAutomation@5e0e82ae]" started-at="2026-06-01T18:06:43 IST" name="quite" finished-at="2026-06-01T18:06:43 IST" duration-ms="662" status="PASS">
          <reporter-output>
          </reporter-output>
        </test-method> <!-- quite -->
        <test-method is-config="true" signature="setUp()[pri:0, instance:com.valuenable.test.ULAutomation@5e0e82ae]" started-at="2026-06-01T18:06:43 IST" name="setUp" finished-at="2026-06-01T18:06:50 IST" duration-ms="6754" status="PASS">
          <reporter-output>
          </reporter-output>
        </test-method> <!-- setUp -->
        <test-method is-config="true" signature="LoginIntoApplication()[pri:0, instance:com.valuenable.test.ULAutomation@5e0e82ae]" started-at="2026-06-01T18:06:50 IST" name="LoginIntoApplication" finished-at="2026-06-01T18:06:53 IST" duration-ms="2355" status="PASS">
          <reporter-output>
          </reporter-output>
        </test-method> <!-- LoginIntoApplication -->
        <test-method signature="GoToAllPolicy(com.valuenable.pojo.PolicyPerformanceData)[pri:0, instance:com.valuenable.test.ULAutomation@5e0e82ae]" started-at="2026-06-01T18:06:53 IST" name="GoToAllPolicy" data-provider="policyData" finished-at="2026-06-01T18:07:05 IST" duration-ms="12689" status="PASS">
          <params>
            <param index="0">
              <value>
                <![CDATA[com.valuenable.pojo.PolicyPerformanceData@4d98e41b]]>
              </value>
            </param>
          </params>
          <reporter-output>
          </reporter-output>
        </test-method> <!-- GoToAllPolicy -->
        <test-method is-config="true" signature="quite()[pri:0, instance:com.valuenable.test.ULAutomation@5e0e82ae]" started-at="2026-06-01T18:07:05 IST" name="quite" finished-at="2026-06-01T18:07:06 IST" duration-ms="597" status="PASS">
          <reporter-output>
          </reporter-output>
        </test-method> <!-- quite -->
        <test-method is-config="true" signature="saveResults()[pri:0, instance:com.valuenable.test.ULAutomation@5e0e82ae]" started-at="2026-06-01T18:07:05 IST" name="saveResults" finished-at="2026-06-01T18:07:05 IST" duration-ms="0" status="PASS">
          <reporter-output>
          </reporter-output>
        </test-method> <!-- saveResults -->
      </class> <!-- com.valuenable.test.ULAutomation -->
    </test> <!-- Default test -->
  </suite> <!-- Default suite -->
</testng-results>
