<?xml version="1.0" encoding="UTF-8"?>
<!-- Generated by org.testng.reporters.JUnitReportReporter -->
<testsuite hostname="VLN-01-L-198" failures="0" tests="3" name="com.valuenable.test.ULAutomation" time="83.966" errors="0" timestamp="2026-06-01T18:07:06 IST" skipped="0">
  <testcase classname="com.valuenable.test.ULAutomation" name="GoToAllPolicy" time="39.156"/>
  <testcase classname="com.valuenable.test.ULAutomation" name="GoToAllPolicy" time="23.963"/>
  <testcase classname="com.valuenable.test.ULAutomation" name="GoToAllPolicy" time="20.847"/>
</testsuite> <!-- com.valuenable.test.ULAutomation -->
