<?xml version="1.0" encoding="UTF-8"?>
<!-- Generated by org.testng.reporters.JUnitReportReporter -->
<testsuite hostname="VLN-01-L-198" failures="0" tests="3" name="com.valuenable.test.LoginTest" time="66.404" errors="0" timestamp="2026-05-29T15:09:23 IST" skipped="0">
  <testcase classname="com.valuenable.test.LoginTest" name="GoToAllPolicy" time="23.155"/>
  <testcase classname="com.valuenable.test.LoginTest" name="GoToAllPolicy" time="16.524"/>
  <testcase classname="com.valuenable.test.LoginTest" name="GoToAllPolicy" time="26.725"/>
</testsuite> <!-- com.valuenable.test.LoginTest -->
